#
# There is insufficient memory for the Java Runtime Environment to continue.
# Native memory allocation (malloc) failed to allocate 364496 bytes. Error detail: Chunk::new
# Possible reasons:
#   The system is out of physical RAM or swap space
#   This process is running with CompressedOops enabled, and the Java Heap may be blocking the growth of the native heap
# Possible solutions:
#   Reduce memory load on the system
#   Increase physical memory or swap space
#   Check if swap backing store is full
#   Decrease Java heap size (-Xmx/-Xms)
#   Decrease number of Java threads
#   Decrease Java thread stack sizes (-Xss)
#   Set larger code cache with -XX:ReservedCodeCacheSize=
#   JVM is running with Unscaled Compressed Oops mode in which the Java heap is
#     placed in the first 4GB address space. The Java Heap base address is the
#     maximum limit for the native heap growth. Please use -XX:HeapBaseMinAddress
#     to set the Java Heap base and to place the Java Heap above 4GB virtual address.
# This output file may be truncated or incomplete.
#
#  Out of Memory Error (arena.cpp:191), pid=12076, tid=2584
#
# JRE version: OpenJDK Runtime Environment Corretto-17.0.12.7.1 (17.0.12+7) (build 17.0.12+7-LTS)
# Java VM: OpenJDK 64-Bit Server VM Corretto-17.0.12.7.1 (17.0.12+7-LTS, mixed mode, sharing, tiered, compressed oops, compressed class ptrs, g1 gc, windows-amd64)
# No core dump will be written. Minidumps are not enabled by default on client versions of Windows
#

---------------  S U M M A R Y ------------

Command Line: -Dfile.encoding=windows-1252 -Duser.country=AR -Duser.language=es -Duser.variant com.MindHub.Homebanking.HomebankingApplication

Host: Intel(R) Celeron(R) N4020 CPU @ 1.10GHz, 2 cores, 3G,  Windows 11 , 64 bit Build 22621 (10.0.22621.3958)
Time: Sat Sep 21 02:06:47 2024 Hora estándar de Argentina elapsed time: 120.506229 seconds (0d 0h 2m 0s)

---------------  T H R E A D  ---------------

Current thread (0x000001f55dc6dec0):  JavaThread "C2 CompilerThread0" daemon [_thread_in_native, id=2584, stack(0x0000008544100000,0x0000008544200000)]


Current CompileTask:
C2: 120506 9320       4       org.springframework.util.AntPathMatcher::tokenizePattern (91 bytes)

Stack: [0x0000008544100000,0x0000008544200000]
Native frames: (J=compiled Java code, j=interpreted, Vv=VM code, C=native code)
V  [jvm.dll+0x67f4f9]
V  [jvm.dll+0x836eaa]
V  [jvm.dll+0x83896e]
V  [jvm.dll+0x838fd3]
V  [jvm.dll+0x247f6f]
V  [jvm.dll+0xac9d4]
V  [jvm.dll+0xad01c]
V  [jvm.dll+0x2af56f]
V  [jvm.dll+0x5864f7]
V  [jvm.dll+0x222e12]
V  [jvm.dll+0x22320f]
V  [jvm.dll+0x21c330]
V  [jvm.dll+0x219831]
V  [jvm.dll+0x1a57bd]
V  [jvm.dll+0x22966d]
V  [jvm.dll+0x22781c]
V  [jvm.dll+0x7ebec7]
V  [jvm.dll+0x7e62ac]
V  [jvm.dll+0x67e3c7]
C  [ucrtbase.dll+0x29333]
C  [KERNEL32.DLL+0x1257d]
C  [ntdll.dll+0x5af28]


---------------  P R O C E S S  ---------------

Threads class SMR info:
_java_thread_list=0x000001f5a70b7650, length=29, elements={
0x000001f55dc4e0e0, 0x000001f55dc51790, 0x000001f55dc64770, 0x000001f55dc655f0,
0x000001f55dc69500, 0x000001f55dc6b2d0, 0x000001f55dc6dec0, 0x000001f55dc81860,
0x000001f55dcfb4d0, 0x000001f5a30b71f0, 0x000001f5a30bd0c0, 0x000001f5a4dd3a80,
0x000001f5a4dd3f60, 0x000001f5a36d3ea0, 0x000001f5a3cb5830, 0x000001f5a4795a80,
0x000001f5a47964a0, 0x000001f5a4795f90, 0x000001f5a47969b0, 0x000001f5a4795060,
0x000001f5a4795570, 0x000001f5a5a2fe00, 0x000001f5a5a2f3e0, 0x000001f5a5a2da90,
0x000001f5a5a30310, 0x000001f5a5a2d580, 0x000001f5a5a2e4b0, 0x000001f5a5a2e9c0,
0x000001f5a5a2dfa0
}

Java Threads: ( => current thread )
  0x000001f55dc4e0e0 JavaThread "Reference Handler" daemon [_thread_blocked, id=17988, stack(0x0000008543b00000,0x0000008543c00000)]
  0x000001f55dc51790 JavaThread "Finalizer" daemon [_thread_blocked, id=16292, stack(0x0000008543c00000,0x0000008543d00000)]
  0x000001f55dc64770 JavaThread "Signal Dispatcher" daemon [_thread_blocked, id=5148, stack(0x0000008543d00000,0x0000008543e00000)]
  0x000001f55dc655f0 JavaThread "Attach Listener" daemon [_thread_blocked, id=17060, stack(0x0000008543e00000,0x0000008543f00000)]
  0x000001f55dc69500 JavaThread "Service Thread" daemon [_thread_blocked, id=19668, stack(0x0000008543f00000,0x0000008544000000)]
  0x000001f55dc6b2d0 JavaThread "Monitor Deflation Thread" daemon [_thread_blocked, id=19784, stack(0x0000008544000000,0x0000008544100000)]
=>0x000001f55dc6dec0 JavaThread "C2 CompilerThread0" daemon [_thread_in_native, id=2584, stack(0x0000008544100000,0x0000008544200000)]
  0x000001f55dc81860 JavaThread "C1 CompilerThread0" daemon [_thread_blocked, id=20072, stack(0x0000008544200000,0x0000008544300000)]
  0x000001f55dcfb4d0 JavaThread "Sweeper thread" daemon [_thread_blocked, id=16088, stack(0x0000008544300000,0x0000008544400000)]
  0x000001f5a30b71f0 JavaThread "Notification Thread" daemon [_thread_blocked, id=17900, stack(0x0000008544400000,0x0000008544500000)]
  0x000001f5a30bd0c0 JavaThread "Common-Cleaner" daemon [_thread_blocked, id=15676, stack(0x0000008544600000,0x0000008544700000)]
  0x000001f5a4dd3a80 JavaThread "PostgreSQL-JDBC-Cleaner" daemon [_thread_blocked, id=18004, stack(0x0000008544900000,0x0000008544a00000)]
  0x000001f5a4dd3f60 JavaThread "HikariPool-1 housekeeper" daemon [_thread_blocked, id=12604, stack(0x0000008544a00000,0x0000008544b00000)]
  0x000001f5a36d3ea0 JavaThread "Catalina-utility-1" [_thread_blocked, id=20428, stack(0x0000008544d00000,0x0000008544e00000)]
  0x000001f5a3cb5830 JavaThread "Catalina-utility-2" [_thread_blocked, id=18748, stack(0x0000008544e00000,0x0000008544f00000)]
  0x000001f5a4795a80 JavaThread "container-0" [_thread_blocked, id=14596, stack(0x0000008544f00000,0x0000008545000000)]
  0x000001f5a47964a0 JavaThread "http-nio-8080-exec-1" daemon [_thread_blocked, id=16188, stack(0x0000008543100000,0x0000008543200000)]
  0x000001f5a4795f90 JavaThread "http-nio-8080-exec-2" daemon [_thread_blocked, id=4656, stack(0x0000008543200000,0x0000008543300000)]
  0x000001f5a47969b0 JavaThread "http-nio-8080-exec-3" daemon [_thread_blocked, id=13068, stack(0x0000008543300000,0x0000008543400000)]
  0x000001f5a4795060 JavaThread "http-nio-8080-exec-4" daemon [_thread_blocked, id=12348, stack(0x0000008545000000,0x0000008545100000)]
  0x000001f5a4795570 JavaThread "http-nio-8080-exec-5" daemon [_thread_blocked, id=20280, stack(0x0000008545100000,0x0000008545200000)]
  0x000001f5a5a2fe00 JavaThread "http-nio-8080-exec-6" daemon [_thread_blocked, id=12284, stack(0x0000008545200000,0x0000008545300000)]
  0x000001f5a5a2f3e0 JavaThread "http-nio-8080-exec-7" daemon [_thread_blocked, id=18540, stack(0x0000008545300000,0x0000008545400000)]
  0x000001f5a5a2da90 JavaThread "http-nio-8080-exec-8" daemon [_thread_blocked, id=18664, stack(0x0000008545400000,0x0000008545500000)]
  0x000001f5a5a30310 JavaThread "http-nio-8080-exec-9" daemon [_thread_blocked, id=4344, stack(0x0000008545500000,0x0000008545600000)]
  0x000001f5a5a2d580 JavaThread "http-nio-8080-exec-10" daemon [_thread_blocked, id=15280, stack(0x0000008545600000,0x0000008545700000)]
  0x000001f5a5a2e4b0 JavaThread "http-nio-8080-Poller" daemon [_thread_in_native, id=18916, stack(0x0000008545700000,0x0000008545800000)]
  0x000001f5a5a2e9c0 JavaThread "http-nio-8080-Acceptor" daemon [_thread_in_native, id=12424, stack(0x0000008545800000,0x0000008545900000)]
  0x000001f5a5a2dfa0 JavaThread "DestroyJavaVM" [_thread_blocked, id=12516, stack(0x0000008543400000,0x0000008543500000)]

Other Threads:
  0x000001f55dc4b110 VMThread "VM Thread" [stack: 0x0000008543a00000,0x0000008543b00000] [id=13604]
  0x000001f5a303d770 WatcherThread [stack: 0x0000008544500000,0x0000008544600000] [id=17440]
  0x000001f540da7d90 GCTaskThread "GC Thread#0" [stack: 0x0000008543500000,0x0000008543600000] [id=964]
  0x000001f5a33e0470 GCTaskThread "GC Thread#1" [stack: 0x0000008544700000,0x0000008544800000] [id=19940]
  0x000001f540db0760 ConcurrentGCThread "G1 Main Marker" [stack: 0x0000008543600000,0x0000008543700000] [id=10088]
  0x000001f540db1920 ConcurrentGCThread "G1 Conc#0" [stack: 0x0000008543700000,0x0000008543800000] [id=19440]
  0x000001f540ded570 ConcurrentGCThread "G1 Refine#0" [stack: 0x0000008543800000,0x0000008543900000] [id=17340]
  0x000001f540dedfa0 ConcurrentGCThread "G1 Service" [stack: 0x0000008543900000,0x0000008543a00000] [id=5992]

Threads with active compile tasks:
C2 CompilerThread0   120610 9320       4       org.springframework.util.AntPathMatcher::tokenizePattern (91 bytes)

VM state: not at safepoint (normal execution)

VM Mutex/Monitor currently owned by a thread: None

Heap address: 0x00000000c2c00000, size: 980 MB, Compressed Oops mode: 32-bit

CDS archive(s) mapped at: [0x000001f55e000000-0x000001f55ebb0000-0x000001f55ebb0000), size 12255232, SharedBaseAddress: 0x000001f55e000000, ArchiveRelocationMode: 1.
Compressed class space mapped at: 0x000001f55f000000-0x000001f59f000000, reserved size: 1073741824
Narrow klass base: 0x000001f55e000000, Narrow klass shift: 0, Narrow klass range: 0x100000000

GC Precious Log:
 CPUs: 2 total, 2 available
 Memory: 3919M
 Large Page Support: Disabled
 NUMA Support: Disabled
 Compressed Oops: Enabled (32-bit)
 Heap Region Size: 1M
 Heap Min Capacity: 8M
 Heap Initial Capacity: 62M
 Heap Max Capacity: 980M
 Pre-touch: Disabled
 Parallel Workers: 2
 Concurrent Workers: 1
 Concurrent Refinement Workers: 2
 Periodic GC: Disabled

Heap:
 garbage-first heap   total 69632K, used 43023K [0x00000000c2c00000, 0x0000000100000000)
  region size 1024K, 11 young (11264K), 1 survivors (1024K)
 Metaspace       used 72754K, committed 73280K, reserved 1114112K
  class space    used 10001K, committed 10240K, reserved 1048576K

Heap Regions: E=young(eden), S=young(survivor), O=old, HS=humongous(starts), HC=humongous(continues), CS=collection set, F=free, OA=open archive, CA=closed archive, TAMS=top-at-mark-start (previous, next)
|   0|0x00000000c2c00000, 0x00000000c2d00000, 0x00000000c2d00000|100%|HS|  |TAMS 0x00000000c2d00000, 0x00000000c2c00000| Complete 
|   1|0x00000000c2d00000, 0x00000000c2e00000, 0x00000000c2e00000|100%| O|  |TAMS 0x00000000c2e00000, 0x00000000c2d00000| Untracked 
|   2|0x00000000c2e00000, 0x00000000c2f00000, 0x00000000c2f00000|100%| O|  |TAMS 0x00000000c2f00000, 0x00000000c2e00000| Untracked 
|   3|0x00000000c2f00000, 0x00000000c3000000, 0x00000000c3000000|100%| O|  |TAMS 0x00000000c3000000, 0x00000000c2f00000| Untracked 
|   4|0x00000000c3000000, 0x00000000c3100000, 0x00000000c3100000|100%| O|  |TAMS 0x00000000c3100000, 0x00000000c3000000| Untracked 
|   5|0x00000000c3100000, 0x00000000c3200000, 0x00000000c3200000|100%| O|  |TAMS 0x00000000c3200000, 0x00000000c3100000| Untracked 
|   6|0x00000000c3200000, 0x00000000c3300000, 0x00000000c3300000|100%| O|  |TAMS 0x00000000c3300000, 0x00000000c3200000| Untracked 
|   7|0x00000000c3300000, 0x00000000c3400000, 0x00000000c3400000|100%| O|  |TAMS 0x00000000c3400000, 0x00000000c3300000| Untracked 
|   8|0x00000000c3400000, 0x00000000c3500000, 0x00000000c3500000|100%| O|  |TAMS 0x00000000c3500000, 0x00000000c3400000| Untracked 
|   9|0x00000000c3500000, 0x00000000c3600000, 0x00000000c3600000|100%| O|  |TAMS 0x00000000c3600000, 0x00000000c3500000| Untracked 
|  10|0x00000000c3600000, 0x00000000c3700000, 0x00000000c3700000|100%| O|  |TAMS 0x00000000c3700000, 0x00000000c3600000| Untracked 
|  11|0x00000000c3700000, 0x00000000c3800000, 0x00000000c3800000|100%| O|  |TAMS 0x00000000c3800000, 0x00000000c3700000| Untracked 
|  12|0x00000000c3800000, 0x00000000c3900000, 0x00000000c3900000|100%| O|  |TAMS 0x00000000c3900000, 0x00000000c3800000| Untracked 
|  13|0x00000000c3900000, 0x00000000c3a00000, 0x00000000c3a00000|100%| O|  |TAMS 0x00000000c3a00000, 0x00000000c3900000| Untracked 
|  14|0x00000000c3a00000, 0x00000000c3b00000, 0x00000000c3b00000|100%| O|  |TAMS 0x00000000c3b00000, 0x00000000c3a00000| Untracked 
|  15|0x00000000c3b00000, 0x00000000c3c00000, 0x00000000c3c00000|100%| O|  |TAMS 0x00000000c3c00000, 0x00000000c3b00000| Untracked 
|  16|0x00000000c3c00000, 0x00000000c3d00000, 0x00000000c3d00000|100%| O|  |TAMS 0x00000000c3d00000, 0x00000000c3c00000| Untracked 
|  17|0x00000000c3d00000, 0x00000000c3e00000, 0x00000000c3e00000|100%| O|  |TAMS 0x00000000c3e00000, 0x00000000c3d00000| Untracked 
|  18|0x00000000c3e00000, 0x00000000c3f00000, 0x00000000c3f00000|100%| O|  |TAMS 0x00000000c3f00000, 0x00000000c3e00000| Untracked 
|  19|0x00000000c3f00000, 0x00000000c4000000, 0x00000000c4000000|100%| O|  |TAMS 0x00000000c4000000, 0x00000000c3f00000| Untracked 
|  20|0x00000000c4000000, 0x00000000c4100000, 0x00000000c4100000|100%| O|  |TAMS 0x00000000c4100000, 0x00000000c4000000| Untracked 
|  21|0x00000000c4100000, 0x00000000c4200000, 0x00000000c4200000|100%| O|  |TAMS 0x00000000c4200000, 0x00000000c4100000| Untracked 
|  22|0x00000000c4200000, 0x00000000c4300000, 0x00000000c4300000|100%| O|  |TAMS 0x00000000c4300000, 0x00000000c4200000| Untracked 
|  23|0x00000000c4300000, 0x00000000c4400000, 0x00000000c4400000|100%| O|  |TAMS 0x00000000c4400000, 0x00000000c4300000| Untracked 
|  24|0x00000000c4400000, 0x00000000c4500000, 0x00000000c4500000|100%| O|  |TAMS 0x00000000c4500000, 0x00000000c4400000| Untracked 
|  25|0x00000000c4500000, 0x00000000c4600000, 0x00000000c4600000|100%| O|  |TAMS 0x00000000c4600000, 0x00000000c4500000| Untracked 
|  26|0x00000000c4600000, 0x00000000c4600000, 0x00000000c4700000|  0%| F|  |TAMS 0x00000000c4600000, 0x00000000c4600000| Untracked 
|  27|0x00000000c4700000, 0x00000000c4800000, 0x00000000c4800000|100%| O|  |TAMS 0x00000000c4800000, 0x00000000c4700000| Untracked 
|  28|0x00000000c4800000, 0x00000000c4896400, 0x00000000c4900000| 58%| O|  |TAMS 0x00000000c4800000, 0x00000000c4800000| Untracked 
|  29|0x00000000c4900000, 0x00000000c4a00000, 0x00000000c4a00000|100%| O|  |TAMS 0x00000000c4a00000, 0x00000000c4900000| Untracked 
|  30|0x00000000c4a00000, 0x00000000c4b00000, 0x00000000c4b00000|100%| O|  |TAMS 0x00000000c4b00000, 0x00000000c4a00000| Untracked 
|  31|0x00000000c4b00000, 0x00000000c4c00000, 0x00000000c4c00000|100%| O|  |TAMS 0x00000000c4c00000, 0x00000000c4b00000| Untracked 
|  32|0x00000000c4c00000, 0x00000000c4d00000, 0x00000000c4d00000|100%| O|  |TAMS 0x00000000c4d00000, 0x00000000c4c00000| Untracked 
|  33|0x00000000c4d00000, 0x00000000c4e00000, 0x00000000c4e00000|100%| O|  |TAMS 0x00000000c4e00000, 0x00000000c4d00000| Untracked 
|  34|0x00000000c4e00000, 0x00000000c4f00000, 0x00000000c4f00000|100%| O|  |TAMS 0x00000000c4f00000, 0x00000000c4e00000| Untracked 
|  35|0x00000000c4f00000, 0x00000000c4f00000, 0x00000000c5000000|  0%| F|  |TAMS 0x00000000c4f00000, 0x00000000c4f00000| Untracked 
|  36|0x00000000c5000000, 0x00000000c5000000, 0x00000000c5100000|  0%| F|  |TAMS 0x00000000c5000000, 0x00000000c5000000| Untracked 
|  37|0x00000000c5100000, 0x00000000c5100000, 0x00000000c5200000|  0%| F|  |TAMS 0x00000000c5100000, 0x00000000c5100000| Untracked 
|  38|0x00000000c5200000, 0x00000000c5200000, 0x00000000c5300000|  0%| F|  |TAMS 0x00000000c5200000, 0x00000000c5200000| Untracked 
|  39|0x00000000c5300000, 0x00000000c5300000, 0x00000000c5400000|  0%| F|  |TAMS 0x00000000c5300000, 0x00000000c5300000| Untracked 
|  40|0x00000000c5400000, 0x00000000c5400000, 0x00000000c5500000|  0%| F|  |TAMS 0x00000000c5400000, 0x00000000c5400000| Untracked 
|  41|0x00000000c5500000, 0x00000000c5500000, 0x00000000c5600000|  0%| F|  |TAMS 0x00000000c5500000, 0x00000000c5500000| Untracked 
|  42|0x00000000c5600000, 0x00000000c566d8c0, 0x00000000c5700000| 42%| S|CS|TAMS 0x00000000c5600000, 0x00000000c5600000| Complete 
|  43|0x00000000c5700000, 0x00000000c5700000, 0x00000000c5800000|  0%| F|  |TAMS 0x00000000c5700000, 0x00000000c5700000| Untracked 
|  44|0x00000000c5800000, 0x00000000c5800000, 0x00000000c5900000|  0%| F|  |TAMS 0x00000000c5800000, 0x00000000c5800000| Untracked 
|  45|0x00000000c5900000, 0x00000000c5900000, 0x00000000c5a00000|  0%| F|  |TAMS 0x00000000c5900000, 0x00000000c5900000| Untracked 
|  46|0x00000000c5a00000, 0x00000000c5a00000, 0x00000000c5b00000|  0%| F|  |TAMS 0x00000000c5a00000, 0x00000000c5a00000| Untracked 
|  47|0x00000000c5b00000, 0x00000000c5b00000, 0x00000000c5c00000|  0%| F|  |TAMS 0x00000000c5b00000, 0x00000000c5b00000| Untracked 
|  48|0x00000000c5c00000, 0x00000000c5c00000, 0x00000000c5d00000|  0%| F|  |TAMS 0x00000000c5c00000, 0x00000000c5c00000| Untracked 
|  49|0x00000000c5d00000, 0x00000000c5d00000, 0x00000000c5e00000|  0%| F|  |TAMS 0x00000000c5d00000, 0x00000000c5d00000| Untracked 
|  50|0x00000000c5e00000, 0x00000000c5e00000, 0x00000000c5f00000|  0%| F|  |TAMS 0x00000000c5e00000, 0x00000000c5e00000| Untracked 
|  51|0x00000000c5f00000, 0x00000000c5f00000, 0x00000000c6000000|  0%| F|  |TAMS 0x00000000c5f00000, 0x00000000c5f00000| Untracked 
|  52|0x00000000c6000000, 0x00000000c6000000, 0x00000000c6100000|  0%| F|  |TAMS 0x00000000c6000000, 0x00000000c6000000| Untracked 
|  53|0x00000000c6100000, 0x00000000c6100000, 0x00000000c6200000|  0%| F|  |TAMS 0x00000000c6100000, 0x00000000c6100000| Untracked 
|  54|0x00000000c6200000, 0x00000000c6200000, 0x00000000c6300000|  0%| F|  |TAMS 0x00000000c6200000, 0x00000000c6200000| Untracked 
|  55|0x00000000c6300000, 0x00000000c6300000, 0x00000000c6400000|  0%| F|  |TAMS 0x00000000c6300000, 0x00000000c6300000| Untracked 
|  56|0x00000000c6400000, 0x00000000c6400000, 0x00000000c6500000|  0%| F|  |TAMS 0x00000000c6400000, 0x00000000c6400000| Untracked 
|  57|0x00000000c6500000, 0x00000000c6500000, 0x00000000c6600000|  0%| F|  |TAMS 0x00000000c6500000, 0x00000000c6500000| Untracked 
|  58|0x00000000c6600000, 0x00000000c664d748, 0x00000000c6700000| 30%| E|  |TAMS 0x00000000c6600000, 0x00000000c6600000| Complete 
|  59|0x00000000c6700000, 0x00000000c6800000, 0x00000000c6800000|100%| E|CS|TAMS 0x00000000c6700000, 0x00000000c6700000| Complete 
|  60|0x00000000c6800000, 0x00000000c6900000, 0x00000000c6900000|100%| E|CS|TAMS 0x00000000c6800000, 0x00000000c6800000| Complete 
|  61|0x00000000c6900000, 0x00000000c6a00000, 0x00000000c6a00000|100%| E|CS|TAMS 0x00000000c6900000, 0x00000000c6900000| Complete 
|  62|0x00000000c6a00000, 0x00000000c6b00000, 0x00000000c6b00000|100%| E|CS|TAMS 0x00000000c6a00000, 0x00000000c6a00000| Complete 
|  63|0x00000000c6b00000, 0x00000000c6c00000, 0x00000000c6c00000|100%| E|CS|TAMS 0x00000000c6b00000, 0x00000000c6b00000| Complete 
|  64|0x00000000c6c00000, 0x00000000c6d00000, 0x00000000c6d00000|100%| E|CS|TAMS 0x00000000c6c00000, 0x00000000c6c00000| Complete 
|  65|0x00000000c6d00000, 0x00000000c6e00000, 0x00000000c6e00000|100%| E|  |TAMS 0x00000000c6d00000, 0x00000000c6d00000| Complete 
|  66|0x00000000c6e00000, 0x00000000c6f00000, 0x00000000c6f00000|100%| E|CS|TAMS 0x00000000c6e00000, 0x00000000c6e00000| Complete 
|  67|0x00000000c6f00000, 0x00000000c7000000, 0x00000000c7000000|100%| E|CS|TAMS 0x00000000c6f00000, 0x00000000c6f00000| Complete 

Card table byte_map: [0x000001f559630000,0x000001f559820000] _byte_map_base: 0x000001f55901a000

Marking Bits (Prev, Next): (CMBitMap*) 0x000001f540da83b0, (CMBitMap*) 0x000001f540da83f0
 Prev Bits: [0x000001f559a10000, 0x000001f55a960000)
 Next Bits: [0x000001f55a960000, 0x000001f55b8b0000)

Polling page: 0x000001f540cd0000

Metaspace:

Usage:
  Non-class:     61.28 MB used.
      Class:      9.77 MB used.
       Both:     71.05 MB used.

Virtual space:
  Non-class space:       64.00 MB reserved,      61.56 MB ( 96%) committed,  1 nodes.
      Class space:        1.00 GB reserved,      10.00 MB ( <1%) committed,  1 nodes.
             Both:        1.06 GB reserved,      71.56 MB (  7%) committed. 

Chunk freelists:
   Non-Class:  1.64 MB
       Class:  5.89 MB
        Both:  7.53 MB

MaxMetaspaceSize: unlimited
CompressedClassSpaceSize: 1.00 GB
Initial GC threshold: 21.00 MB
Current GC threshold: 119.31 MB
CDS: on
MetaspaceReclaimPolicy: balanced
 - commit_granule_bytes: 65536.
 - commit_granule_words: 8192.
 - virtual_space_node_default_size: 8388608.
 - enlarge_chunks_in_place: 1.
 - new_chunks_are_fully_committed: 0.
 - uncommit_free_chunks: 1.
 - use_allocation_guard: 0.
 - handle_deallocations: 1.


Internal statistics:

num_allocs_failed_limit: 12.
num_arena_births: 798.
num_arena_deaths: 0.
num_vsnodes_births: 2.
num_vsnodes_deaths: 0.
num_space_committed: 1145.
num_space_uncommitted: 0.
num_chunks_returned_to_freelist: 12.
num_chunks_taken_from_freelist: 3438.
num_chunk_merges: 12.
num_chunk_splits: 2542.
num_chunks_enlarged: 2021.
num_inconsistent_stats: 0.

CodeHeap 'non-profiled nmethods': size=120064Kb used=5457Kb max_used=5457Kb free=114606Kb
 bounds [0x000001f551b00000, 0x000001f552060000, 0x000001f559040000]
CodeHeap 'profiled nmethods': size=120000Kb used=16349Kb max_used=16349Kb free=103650Kb
 bounds [0x000001f54a040000, 0x000001f54b040000, 0x000001f551570000]
CodeHeap 'non-nmethods': size=5696Kb used=1343Kb max_used=1386Kb free=4353Kb
 bounds [0x000001f551570000, 0x000001f5517e0000, 0x000001f551b00000]
 total_blobs=8466 nmethods=7789 adapters=589
 compilation: enabled
              stopped_count=0, restarted_count=0
 full_count=0

Compilation events (20 events):
Event: 119.039 Thread 0x000001f55dc6dec0 nmethod 9310 0x000001f55204f810 code [0x000001f55204f9c0, 0x000001f55204fbb8]
Event: 119.287 Thread 0x000001f55dc6dec0 9311       4       org.springframework.util.AntPathMatcher::skipSegment (75 bytes)
Event: 119.293 Thread 0x000001f55dc6dec0 nmethod 9311 0x000001f55204fd10 code [0x000001f55204fec0, 0x000001f552050218]
Event: 119.300 Thread 0x000001f55dc6dec0 9312       4       java.nio.HeapByteBuffer::put (64 bytes)
Event: 119.303 Thread 0x000001f55dc6dec0 nmethod 9312 0x000001f552050510 code [0x000001f5520506a0, 0x000001f5520508f8]
Event: 119.955 Thread 0x000001f55dc6dec0 9313       4       java.nio.charset.CharsetDecoder::implReplaceWith (1 bytes)
Event: 119.956 Thread 0x000001f55dc6dec0 nmethod 9313 0x000001f552050b90 code [0x000001f552050d00, 0x000001f552050d78]
Event: 119.981 Thread 0x000001f55dc81860 9314       3       java.lang.Integer::formatUnsignedInt (40 bytes)
Event: 119.981 Thread 0x000001f55dc81860 nmethod 9314 0x000001f54b038110 code [0x000001f54b0382c0, 0x000001f54b0384d8]
Event: 120.158 Thread 0x000001f55dc6dec0 9315       4       java.nio.ByteBuffer::put (124 bytes)
Event: 120.169 Thread 0x000001f55dc6dec0 nmethod 9315 0x000001f552050e90 code [0x000001f552051060, 0x000001f5520516f8]
Event: 120.225 Thread 0x000001f55dc6dec0 9316       4       java.util.concurrent.locks.AbstractQueuedSynchronizer$ConditionObject::canReacquire (38 bytes)
Event: 120.226 Thread 0x000001f55dc6dec0 nmethod 9316 0x000001f552051f10 code [0x000001f552052080, 0x000001f552052138]
Event: 120.252 Thread 0x000001f55dc6dec0 9317       4       java.util.concurrent.ConcurrentHashMap$BaseIterator::<init> (21 bytes)
Event: 120.261 Thread 0x000001f55dc6dec0 nmethod 9317 0x000001f552052210 code [0x000001f5520523a0, 0x000001f5520528b8]
Event: 120.291 Thread 0x000001f55dc6dec0 9318       4       org.springframework.util.AntPathMatcher::isPotentialMatch (116 bytes)
Event: 120.327 Thread 0x000001f55dc6dec0 nmethod 9318 0x000001f552052a90 code [0x000001f552052c60, 0x000001f552053928]
Event: 120.380 Thread 0x000001f55dc6dec0 9319       4       java.nio.charset.Charset::lookup (44 bytes)
Event: 120.384 Thread 0x000001f55dc6dec0 nmethod 9319 0x000001f552054190 code [0x000001f552054320, 0x000001f552054588]
Event: 120.426 Thread 0x000001f55dc6dec0 9320       4       org.springframework.util.AntPathMatcher::tokenizePattern (91 bytes)

GC Heap History (20 events):
Event: 62.993 GC heap before
{Heap before GC invocations=37 (full 0):
 garbage-first heap   total 69632K, used 54863K [0x00000000c2c00000, 0x0000000100000000)
  region size 1024K, 23 young (23552K), 2 survivors (2048K)
 Metaspace       used 69703K, committed 70208K, reserved 1114112K
  class space    used 9793K, committed 10048K, reserved 1048576K
}
Event: 63.009 GC heap after
{Heap after GC invocations=38 (full 0):
 garbage-first heap   total 69632K, used 35715K [0x00000000c2c00000, 0x0000000100000000)
  region size 1024K, 3 young (3072K), 3 survivors (3072K)
 Metaspace       used 69703K, committed 70208K, reserved 1114112K
  class space    used 9793K, committed 10048K, reserved 1048576K
}
Event: 67.533 GC heap before
{Heap before GC invocations=38 (full 0):
 garbage-first heap   total 69632K, used 55171K [0x00000000c2c00000, 0x0000000100000000)
  region size 1024K, 22 young (22528K), 3 survivors (3072K)
 Metaspace       used 70722K, committed 71232K, reserved 1114112K
  class space    used 9795K, committed 10048K, reserved 1048576K
}
Event: 67.543 GC heap after
{Heap after GC invocations=39 (full 0):
 garbage-first heap   total 69632K, used 36261K [0x00000000c2c00000, 0x0000000100000000)
  region size 1024K, 1 young (1024K), 1 survivors (1024K)
 Metaspace       used 70722K, committed 71232K, reserved 1114112K
  class space    used 9795K, committed 10048K, reserved 1048576K
}
Event: 70.786 GC heap before
{Heap before GC invocations=40 (full 0):
 garbage-first heap   total 69632K, used 56741K [0x00000000c2c00000, 0x0000000100000000)
  region size 1024K, 21 young (21504K), 1 survivors (1024K)
 Metaspace       used 70811K, committed 71360K, reserved 1114112K
  class space    used 9796K, committed 10048K, reserved 1048576K
}
Event: 70.788 GC heap after
{Heap after GC invocations=41 (full 0):
 garbage-first heap   total 69632K, used 35969K [0x00000000c2c00000, 0x0000000100000000)
  region size 1024K, 1 young (1024K), 1 survivors (1024K)
 Metaspace       used 70811K, committed 71360K, reserved 1114112K
  class space    used 9796K, committed 10048K, reserved 1048576K
}
Event: 71.087 GC heap before
{Heap before GC invocations=41 (full 0):
 garbage-first heap   total 69632K, used 38017K [0x00000000c2c00000, 0x0000000100000000)
  region size 1024K, 3 young (3072K), 1 survivors (1024K)
 Metaspace       used 70811K, committed 71360K, reserved 1114112K
  class space    used 9796K, committed 10048K, reserved 1048576K
}
Event: 71.090 GC heap after
{Heap after GC invocations=42 (full 0):
 garbage-first heap   total 69632K, used 35008K [0x00000000c2c00000, 0x0000000100000000)
  region size 1024K, 1 young (1024K), 1 survivors (1024K)
 Metaspace       used 70811K, committed 71360K, reserved 1114112K
  class space    used 9796K, committed 10048K, reserved 1048576K
}
Event: 78.681 GC heap before
{Heap before GC invocations=42 (full 0):
 garbage-first heap   total 69632K, used 55488K [0x00000000c2c00000, 0x0000000100000000)
  region size 1024K, 22 young (22528K), 1 survivors (1024K)
 Metaspace       used 72226K, committed 72768K, reserved 1114112K
  class space    used 9999K, committed 10240K, reserved 1048576K
}
Event: 78.686 GC heap after
{Heap after GC invocations=43 (full 0):
 garbage-first heap   total 69632K, used 35341K [0x00000000c2c00000, 0x0000000100000000)
  region size 1024K, 1 young (1024K), 1 survivors (1024K)
 Metaspace       used 72226K, committed 72768K, reserved 1114112K
  class space    used 9999K, committed 10240K, reserved 1048576K
}
Event: 92.645 GC heap before
{Heap before GC invocations=43 (full 0):
 garbage-first heap   total 69632K, used 57869K [0x00000000c2c00000, 0x0000000100000000)
  region size 1024K, 23 young (23552K), 1 survivors (1024K)
 Metaspace       used 72520K, committed 73024K, reserved 1114112K
  class space    used 9999K, committed 10240K, reserved 1048576K
}
Event: 92.649 GC heap after
{Heap after GC invocations=44 (full 0):
 garbage-first heap   total 69632K, used 35295K [0x00000000c2c00000, 0x0000000100000000)
  region size 1024K, 1 young (1024K), 1 survivors (1024K)
 Metaspace       used 72520K, committed 73024K, reserved 1114112K
  class space    used 9999K, committed 10240K, reserved 1048576K
}
Event: 104.717 GC heap before
{Heap before GC invocations=44 (full 0):
 garbage-first heap   total 69632K, used 58847K [0x00000000c2c00000, 0x0000000100000000)
  region size 1024K, 24 young (24576K), 1 survivors (1024K)
 Metaspace       used 72718K, committed 73280K, reserved 1114112K
  class space    used 10000K, committed 10240K, reserved 1048576K
}
Event: 104.727 GC heap after
{Heap after GC invocations=45 (full 0):
 garbage-first heap   total 69632K, used 35298K [0x00000000c2c00000, 0x0000000100000000)
  region size 1024K, 1 young (1024K), 1 survivors (1024K)
 Metaspace       used 72718K, committed 73280K, reserved 1114112K
  class space    used 10000K, committed 10240K, reserved 1048576K
}
Event: 114.662 GC heap before
{Heap before GC invocations=46 (full 0):
 garbage-first heap   total 69632K, used 57826K [0x00000000c2c00000, 0x0000000100000000)
  region size 1024K, 24 young (24576K), 1 survivors (1024K)
 Metaspace       used 72748K, committed 73280K, reserved 1114112K
  class space    used 10001K, committed 10240K, reserved 1048576K
}
Event: 114.668 GC heap after
{Heap after GC invocations=47 (full 0):
 garbage-first heap   total 69632K, used 35378K [0x00000000c2c00000, 0x0000000100000000)
  region size 1024K, 1 young (1024K), 1 survivors (1024K)
 Metaspace       used 72748K, committed 73280K, reserved 1114112K
  class space    used 10001K, committed 10240K, reserved 1048576K
}
Event: 114.937 GC heap before
{Heap before GC invocations=47 (full 0):
 garbage-first heap   total 69632K, used 36402K [0x00000000c2c00000, 0x0000000100000000)
  region size 1024K, 3 young (3072K), 1 survivors (1024K)
 Metaspace       used 72752K, committed 73280K, reserved 1114112K
  class space    used 10001K, committed 10240K, reserved 1048576K
}
Event: 114.948 GC heap after
{Heap after GC invocations=48 (full 0):
 garbage-first heap   total 69632K, used 34943K [0x00000000c2c00000, 0x0000000100000000)
  region size 1024K, 1 young (1024K), 1 survivors (1024K)
 Metaspace       used 72752K, committed 73280K, reserved 1114112K
  class space    used 10001K, committed 10240K, reserved 1048576K
}
Event: 119.307 GC heap before
{Heap before GC invocations=48 (full 0):
 garbage-first heap   total 69632K, used 58495K [0x00000000c2c00000, 0x0000000100000000)
  region size 1024K, 25 young (25600K), 1 survivors (1024K)
 Metaspace       used 72754K, committed 73280K, reserved 1114112K
  class space    used 10001K, committed 10240K, reserved 1048576K
}
Event: 119.314 GC heap after
{Heap after GC invocations=49 (full 0):
 garbage-first heap   total 69632K, used 34831K [0x00000000c2c00000, 0x0000000100000000)
  region size 1024K, 1 young (1024K), 1 survivors (1024K)
 Metaspace       used 72754K, committed 73280K, reserved 1114112K
  class space    used 10001K, committed 10240K, reserved 1048576K
}

Dll operation events (11 events):
Event: 0.028 Loaded shared library C:\Users\MasterPC\.jdks\corretto-17.0.12-1\bin\java.dll
Event: 0.066 Loaded shared library C:\Users\MasterPC\.jdks\corretto-17.0.12-1\bin\jsvml.dll
Event: 0.398 Loaded shared library C:\Users\MasterPC\.jdks\corretto-17.0.12-1\bin\net.dll
Event: 0.402 Loaded shared library C:\Users\MasterPC\.jdks\corretto-17.0.12-1\bin\nio.dll
Event: 0.410 Loaded shared library C:\Users\MasterPC\.jdks\corretto-17.0.12-1\bin\zip.dll
Event: 1.575 Loaded shared library C:\Users\MasterPC\.jdks\corretto-17.0.12-1\bin\jimage.dll
Event: 7.860 Loaded shared library C:\Users\MasterPC\.jdks\corretto-17.0.12-1\bin\sunmscapi.dll
Event: 19.027 Loaded shared library C:\Users\MasterPC\.jdks\corretto-17.0.12-1\bin\management.dll
Event: 19.052 Loaded shared library C:\Users\MasterPC\.jdks\corretto-17.0.12-1\bin\management_ext.dll
Event: 26.510 Loaded shared library C:\Users\MasterPC\.jdks\corretto-17.0.12-1\bin\verify.dll
Event: 30.261 Loaded shared library C:\Users\MasterPC\.jdks\corretto-17.0.12-1\bin\extnet.dll

Deoptimization events (20 events):
Event: 113.971 Thread 0x000001f5a5a2d580 DEOPT PACKING pc=0x000001f54aceb7c7 sp=0x00000085456fb980
Event: 113.971 Thread 0x000001f5a5a2d580 DEOPT UNPACKING pc=0x000001f5515c7124 sp=0x00000085456faea8 mode 0
Event: 113.988 Thread 0x000001f5a4795570 Uncommon trap: trap_request=0xffffffbe fr.pc=0x000001f552036e7c relative=0x000000000000045c
Event: 113.988 Thread 0x000001f5a4795570 Uncommon trap: reason=profile_predicate action=maybe_recompile pc=0x000001f552036e7c method=com.sun.crypto.provider.HmacCore.engineInit(Ljava/security/Key;Ljava/security/spec/AlgorithmParameterSpec;)V @ 88 c2
Event: 113.988 Thread 0x000001f5a4795570 DEOPT PACKING pc=0x000001f552036e7c sp=0x00000085451fb9f0
Event: 113.988 Thread 0x000001f5a4795570 DEOPT UNPACKING pc=0x000001f5515c699d sp=0x00000085451fb988 mode 2
Event: 114.005 Thread 0x000001f5a47964a0 Uncommon trap: trap_request=0xffffffbe fr.pc=0x000001f552036e7c relative=0x000000000000045c
Event: 114.005 Thread 0x000001f5a47964a0 Uncommon trap: reason=profile_predicate action=maybe_recompile pc=0x000001f552036e7c method=com.sun.crypto.provider.HmacCore.engineInit(Ljava/security/Key;Ljava/security/spec/AlgorithmParameterSpec;)V @ 88 c2
Event: 114.005 Thread 0x000001f5a47964a0 DEOPT PACKING pc=0x000001f552036e7c sp=0x00000085431fb530
Event: 114.005 Thread 0x000001f5a47964a0 DEOPT UNPACKING pc=0x000001f5515c699d sp=0x00000085431fb4c8 mode 2
Event: 114.065 Thread 0x000001f5a5a2fe00 Uncommon trap: trap_request=0xffffffbe fr.pc=0x000001f552036e7c relative=0x000000000000045c
Event: 114.065 Thread 0x000001f5a5a2fe00 Uncommon trap: reason=profile_predicate action=maybe_recompile pc=0x000001f552036e7c method=com.sun.crypto.provider.HmacCore.engineInit(Ljava/security/Key;Ljava/security/spec/AlgorithmParameterSpec;)V @ 88 c2
Event: 114.066 Thread 0x000001f5a5a2fe00 DEOPT PACKING pc=0x000001f552036e7c sp=0x00000085452fb5a0
Event: 114.066 Thread 0x000001f5a5a2fe00 DEOPT UNPACKING pc=0x000001f5515c699d sp=0x00000085452fb538 mode 2
Event: 114.077 Thread 0x000001f5a4795060 Uncommon trap: trap_request=0xffffffbe fr.pc=0x000001f552036e7c relative=0x000000000000045c
Event: 114.077 Thread 0x000001f5a4795060 Uncommon trap: reason=profile_predicate action=maybe_recompile pc=0x000001f552036e7c method=com.sun.crypto.provider.HmacCore.engineInit(Ljava/security/Key;Ljava/security/spec/AlgorithmParameterSpec;)V @ 88 c2
Event: 114.077 Thread 0x000001f5a4795060 DEOPT PACKING pc=0x000001f552036e7c sp=0x00000085450fb7c0
Event: 114.077 Thread 0x000001f5a4795060 DEOPT UNPACKING pc=0x000001f5515c699d sp=0x00000085450fb758 mode 2
Event: 115.955 Thread 0x000001f5a5a2fe00 DEOPT PACKING pc=0x000001f54ade2832 sp=0x00000085452fe870
Event: 115.955 Thread 0x000001f5a5a2fe00 DEOPT UNPACKING pc=0x000001f5515c7124 sp=0x00000085452fdcf8 mode 0

Classes loaded (20 events):
Event: 72.072 Loading class java/security/cert/X509Extension done
Event: 72.072 Loading class java/security/cert/X509Certificate done
Event: 72.235 Loading class sun/nio/cs/US_ASCII$Encoder
Event: 72.236 Loading class sun/nio/cs/US_ASCII$Encoder done
Event: 72.236 Loading class sun/nio/cs/Surrogate$Parser
Event: 72.236 Loading class sun/nio/cs/Surrogate$Parser done
Event: 72.236 Loading class sun/nio/cs/Surrogate
Event: 72.236 Loading class sun/nio/cs/Surrogate done
Event: 72.262 Loading class java/util/stream/ReferencePipeline$4
Event: 72.263 Loading class java/util/stream/ReferencePipeline$4 done
Event: 72.264 Loading class java/util/function/IntBinaryOperator
Event: 72.264 Loading class java/util/function/IntBinaryOperator done
Event: 72.264 Loading class java/util/stream/ReduceOps$7
Event: 72.265 Loading class java/util/stream/ReduceOps$7 done
Event: 72.265 Loading class java/util/stream/ReduceOps$6ReducingSink
Event: 72.265 Loading class java/util/stream/ReduceOps$6ReducingSink done
Event: 72.265 Loading class java/util/stream/ReferencePipeline$4$1
Event: 72.265 Loading class java/util/stream/ReferencePipeline$4$1 done
Event: 94.698 Loading class jdk/internal/misc/ScopedMemoryAccess$Scope$Handle
Event: 94.699 Loading class jdk/internal/misc/ScopedMemoryAccess$Scope$Handle done

Classes unloaded (0 events):
No events

Classes redefined (0 events):
No events

Internal exceptions (20 events):
Event: 51.397 Thread 0x000001f540d6da00 Exception <a 'java/lang/reflect/InvocationTargetException'{0x00000000c4e5e958}> (0x00000000c4e5e958) 
thrown [s\src\hotspot\share\runtime\reflection.cpp, line 1128]
Event: 51.453 Thread 0x000001f540d6da00 Exception <a 'java/lang/IncompatibleClassChangeError'{0x00000000c4d0d6a0}: Found class java.lang.Object, but interface was expected> (0x00000000c4d0d6a0) 
thrown [s\src\hotspot\share\interpreter\linkResolver.cpp, line 826]
Event: 51.606 Thread 0x000001f540d6da00 Exception <a 'java/lang/NoSuchMethodError'{0x00000000c4cd01a8}: 'java.lang.Object java.lang.invoke.DirectMethodHandle$Holder.invokeStatic(java.lang.Object, int, java.lang.Object)'> (0x00000000c4cd01a8) 
thrown [s\src\hotspot\share\interpreter\linkResolver.cpp, line 759]
Event: 52.033 Thread 0x000001f540d6da00 Exception <a 'java/lang/NoSuchMethodError'{0x00000000c5a8fd18}: 'long java.lang.invoke.DirectMethodHandle$Holder.invokeVirtual(java.lang.Object, java.lang.Object)'> (0x00000000c5a8fd18) 
thrown [s\src\hotspot\share\interpreter\linkResolver.cpp, line 759]
Event: 54.647 Thread 0x000001f540d6da00 Exception <a 'java/lang/reflect/InvocationTargetException'{0x00000000c51b5e70}> (0x00000000c51b5e70) 
thrown [s\src\hotspot\share\runtime\reflection.cpp, line 1128]
Event: 56.979 Thread 0x000001f540d6da00 Exception <a 'java/lang/reflect/InvocationTargetException'{0x00000000c61e24c0}> (0x00000000c61e24c0) 
thrown [s\src\hotspot\share\runtime\reflection.cpp, line 1128]
Event: 56.987 Thread 0x000001f540d6da00 Exception <a 'java/lang/reflect/InvocationTargetException'{0x00000000c61f0258}> (0x00000000c61f0258) 
thrown [s\src\hotspot\share\runtime\reflection.cpp, line 1128]
Event: 57.278 Thread 0x000001f540d6da00 Exception <a 'java/lang/reflect/InvocationTargetException'{0x00000000c5fec190}> (0x00000000c5fec190) 
thrown [s\src\hotspot\share\runtime\reflection.cpp, line 1128]
Event: 57.291 Thread 0x000001f540d6da00 Exception <a 'java/lang/reflect/InvocationTargetException'{0x00000000c5e04988}> (0x00000000c5e04988) 
thrown [s\src\hotspot\share\runtime\reflection.cpp, line 1128]
Event: 57.361 Thread 0x000001f540d6da00 Exception <a 'java/lang/reflect/InvocationTargetException'{0x00000000c5d0b8f8}> (0x00000000c5d0b8f8) 
thrown [s\src\hotspot\share\runtime\reflection.cpp, line 1128]
Event: 57.384 Thread 0x000001f540d6da00 Exception <a 'java/lang/reflect/InvocationTargetException'{0x00000000c5d1be18}> (0x00000000c5d1be18) 
thrown [s\src\hotspot\share\runtime\reflection.cpp, line 1128]
Event: 57.601 Thread 0x000001f540d6da00 Exception <a 'java/lang/reflect/InvocationTargetException'{0x00000000c5c1a300}> (0x00000000c5c1a300) 
thrown [s\src\hotspot\share\runtime\reflection.cpp, line 1128]
Event: 57.717 Thread 0x000001f540d6da00 Exception <a 'java/lang/reflect/InvocationTargetException'{0x00000000c5b0aa30}> (0x00000000c5b0aa30) 
thrown [s\src\hotspot\share\runtime\reflection.cpp, line 1128]
Event: 59.441 Thread 0x000001f540d6da00 Exception <a 'sun/nio/fs/WindowsException'{0x00000000c5a08e48}> (0x00000000c5a08e48) 
thrown [s\src\hotspot\share\prims\jni.cpp, line 516]
Event: 59.902 Thread 0x000001f540d6da00 Exception <a 'java/lang/IncompatibleClassChangeError'{0x00000000c57dea80}: Found class java.lang.Object, but interface was expected> (0x00000000c57dea80) 
thrown [s\src\hotspot\share\interpreter\linkResolver.cpp, line 826]
Event: 60.827 Thread 0x000001f540d6da00 Exception <a 'java/lang/NoSuchMethodError'{0x00000000c6d7c278}: 'void java.lang.invoke.DirectMethodHandle$Holder.invokeVirtual(java.lang.Object, java.lang.Object, long)'> (0x00000000c6d7c278) 
thrown [s\src\hotspot\share\interpreter\linkResolver.cpp, line 759]
Event: 61.377 Thread 0x000001f540d6da00 Exception <a 'java/lang/IncompatibleClassChangeError'{0x00000000c69b8198}: Found class java.lang.Object, but interface was expected> (0x00000000c69b8198) 
thrown [s\src\hotspot\share\interpreter\linkResolver.cpp, line 826]
Event: 61.751 Thread 0x000001f540d6da00 Exception <a 'java/lang/NoSuchMethodError'{0x00000000c63a92d8}: 'java.lang.Object java.lang.invoke.DirectMethodHandle$Holder.newInvokeSpecial(java.lang.Object, java.lang.Object, int, java.lang.Object, java.lang.Object)'> (0x00000000c63a92d8) 
thrown [s\src\hotspot\share\interpreter\linkResolver.cpp, line 759]
Event: 62.442 Thread 0x000001f5a47969b0 Exception <a 'java/lang/NoSuchMethodError'{0x00000000c5e2a660}: 'java.lang.Object java.lang.invoke.DirectMethodHandle$Holder.invokeSpecial(java.lang.Object, java.lang.Object, java.lang.Object, java.lang.Object, java.lang.Object, long)'> (0x00000000c5e2a660) 
thrown [s\src\hotspot\share\interpreter\linkResolver.cpp, line 759]
Event: 62.442 Thread 0x000001f5a47969b0 Exception <a 'java/lang/NoSuchMethodError'{0x00000000c5e2e0a0}: 'java.lang.Object java.lang.invoke.Invokers$Holder.linkToTargetMethod(java.lang.Object, java.lang.Object, java.lang.Object, long, java.lang.Object)'> (0x00000000c5e2e0a0) 
thrown [s\src\hotspot\share\interpreter\linkResolver.cpp, line 759]

VM Operations (20 events):
Event: 114.207 Executing VM operation: Cleanup
Event: 114.207 Executing VM operation: Cleanup done
Event: 114.662 Executing VM operation: G1CollectForAllocation
Event: 114.668 Executing VM operation: G1CollectForAllocation done
Event: 114.937 Executing VM operation: G1CollectForAllocation
Event: 114.949 Executing VM operation: G1CollectForAllocation done
Event: 115.959 Executing VM operation: Cleanup
Event: 115.959 Executing VM operation: Cleanup done
Event: 116.961 Executing VM operation: Cleanup
Event: 116.961 Executing VM operation: Cleanup done
Event: 117.967 Executing VM operation: Cleanup
Event: 117.967 Executing VM operation: Cleanup done
Event: 118.989 Executing VM operation: Cleanup
Event: 118.989 Executing VM operation: Cleanup done
Event: 119.307 Executing VM operation: G1CollectForAllocation
Event: 119.314 Executing VM operation: G1CollectForAllocation done
Event: 120.321 Executing VM operation: Cleanup
Event: 120.321 Executing VM operation: Cleanup done
Event: 120.335 Executing VM operation: HandshakeAllThreads
Event: 120.335 Executing VM operation: HandshakeAllThreads done

Events (20 events):
Event: 72.280 Thread 0x000001f55dcfb4d0 flushing nmethod 0x000001f54ad0b190
Event: 72.280 Thread 0x000001f55dcfb4d0 flushing nmethod 0x000001f54ad0ea90
Event: 72.280 Thread 0x000001f55dcfb4d0 flushing nmethod 0x000001f54ad13d90
Event: 72.280 Thread 0x000001f55dcfb4d0 flushing nmethod 0x000001f54ad14190
Event: 72.280 Thread 0x000001f55dcfb4d0 flushing nmethod 0x000001f54ad16810
Event: 72.280 Thread 0x000001f55dcfb4d0 flushing nmethod 0x000001f54ad16e90
Event: 72.280 Thread 0x000001f55dcfb4d0 flushing nmethod 0x000001f54ad28890
Event: 72.280 Thread 0x000001f55dcfb4d0 flushing nmethod 0x000001f54ad34e90
Event: 72.280 Thread 0x000001f55dcfb4d0 flushing nmethod 0x000001f54ad35210
Event: 72.281 Thread 0x000001f55dcfb4d0 flushing nmethod 0x000001f54ad44510
Event: 72.281 Thread 0x000001f55dcfb4d0 flushing nmethod 0x000001f54ad65f90
Event: 72.281 Thread 0x000001f55dcfb4d0 flushing nmethod 0x000001f54ad6d810
Event: 72.281 Thread 0x000001f55dcfb4d0 flushing nmethod 0x000001f54ad76110
Event: 72.281 Thread 0x000001f55dcfb4d0 flushing nmethod 0x000001f54ad7a710
Event: 72.281 Thread 0x000001f55dcfb4d0 flushing nmethod 0x000001f54ad7ab90
Event: 72.281 Thread 0x000001f55dcfb4d0 flushing nmethod 0x000001f54ad7d790
Event: 72.281 Thread 0x000001f55dcfb4d0 flushing nmethod 0x000001f54ada7010
Event: 72.281 Thread 0x000001f55dcfb4d0 flushing nmethod 0x000001f54adbe990
Event: 72.281 Thread 0x000001f55dcfb4d0 flushing nmethod 0x000001f54ae55390
Event: 72.282 Thread 0x000001f55dcfb4d0 flushing nmethod 0x000001f54af82090


Dynamic libraries:
0x00007ff641290000 - 0x00007ff64129e000 	C:\Users\MasterPC\.jdks\corretto-17.0.12-1\bin\java.exe
0x00007ffb9a070000 - 0x00007ffb9a287000 	C:\WINDOWS\SYSTEM32\ntdll.dll
0x00007ffb98d60000 - 0x00007ffb98e24000 	C:\WINDOWS\System32\KERNEL32.DLL
0x00007ffb97390000 - 0x00007ffb9773d000 	C:\WINDOWS\System32\KERNELBASE.dll
0x00007ffb97a20000 - 0x00007ffb97b31000 	C:\WINDOWS\System32\ucrtbase.dll
0x00007ffb93a80000 - 0x00007ffb93a97000 	C:\Users\MasterPC\.jdks\corretto-17.0.12-1\bin\jli.dll
0x00007ffb8f4e0000 - 0x00007ffb8f4fb000 	C:\Users\MasterPC\.jdks\corretto-17.0.12-1\bin\VCRUNTIME140.dll
0x00007ffb98b60000 - 0x00007ffb98d0e000 	C:\WINDOWS\System32\USER32.dll
0x00007ffb97c00000 - 0x00007ffb97c26000 	C:\WINDOWS\System32\win32u.dll
0x00007ffb98d30000 - 0x00007ffb98d59000 	C:\WINDOWS\System32\GDI32.dll
0x00007ffb85370000 - 0x00007ffb85603000 	C:\WINDOWS\WinSxS\amd64_microsoft.windows.common-controls_6595b64144ccf1df_6.0.22621.3672_none_2713b9d173822955\COMCTL32.dll
0x00007ffb977e0000 - 0x00007ffb978f9000 	C:\WINDOWS\System32\gdi32full.dll
0x00007ffb99660000 - 0x00007ffb99707000 	C:\WINDOWS\System32\msvcrt.dll
0x00007ffb97740000 - 0x00007ffb977da000 	C:\WINDOWS\System32\msvcp_win.dll
0x00007ffb99300000 - 0x00007ffb99331000 	C:\WINDOWS\System32\IMM32.DLL
0x00000000572a0000 - 0x00000000572ac000 	C:\Program Files (x86)\360\Total Security\safemon\SafeWrapper.dll
0x00007ffb99880000 - 0x00007ffb99932000 	C:\WINDOWS\System32\ADVAPI32.dll
0x00007ffb99f00000 - 0x00007ffb99fa9000 	C:\WINDOWS\System32\sechost.dll
0x00007ffb97980000 - 0x00007ffb979a8000 	C:\WINDOWS\System32\bcrypt.dll
0x00007ffb99de0000 - 0x00007ffb99ef4000 	C:\WINDOWS\System32\RPCRT4.dll
0x00007ffb60f70000 - 0x00007ffb6101c000 	C:\Program Files (x86)\360\Total Security\safemon\libzdtp64.dll
0x00007ffb982f0000 - 0x00007ffb98b57000 	C:\WINDOWS\System32\SHELL32.dll
0x00007ffb98280000 - 0x00007ffb982de000 	C:\WINDOWS\System32\SHLWAPI.dll
0x00007ffb96f00000 - 0x00007ffb96f0a000 	C:\WINDOWS\SYSTEM32\VERSION.dll
0x00007ffb8e6e0000 - 0x00007ffb8e6ec000 	C:\Users\MasterPC\.jdks\corretto-17.0.12-1\bin\vcruntime140_1.dll
0x00007ffb60b50000 - 0x00007ffb60bdd000 	C:\Users\MasterPC\.jdks\corretto-17.0.12-1\bin\msvcp140.dll
0x00007ffb31a80000 - 0x00007ffb326ea000 	C:\Users\MasterPC\.jdks\corretto-17.0.12-1\bin\server\jvm.dll
0x00007ffb97dc0000 - 0x00007ffb97e31000 	C:\WINDOWS\System32\WS2_32.dll
0x00007ffb97260000 - 0x00007ffb972ad000 	C:\WINDOWS\SYSTEM32\POWRPROF.dll
0x00007ffb8e610000 - 0x00007ffb8e644000 	C:\WINDOWS\SYSTEM32\WINMM.dll
0x00007ffb971f0000 - 0x00007ffb97203000 	C:\WINDOWS\SYSTEM32\UMPDC.dll
0x00007ffb96370000 - 0x00007ffb96388000 	C:\WINDOWS\SYSTEM32\kernel.appcore.dll
0x00007ffb8e6d0000 - 0x00007ffb8e6da000 	C:\Users\MasterPC\.jdks\corretto-17.0.12-1\bin\jimage.dll
0x00007ffb94e30000 - 0x00007ffb95062000 	C:\WINDOWS\SYSTEM32\DBGHELP.DLL
0x00007ffb99940000 - 0x00007ffb99cce000 	C:\WINDOWS\System32\combase.dll
0x00007ffb97e40000 - 0x00007ffb97f17000 	C:\WINDOWS\System32\OLEAUT32.dll
0x00007ffb6fbd0000 - 0x00007ffb6fc02000 	C:\WINDOWS\SYSTEM32\dbgcore.DLL
0x00007ffb97900000 - 0x00007ffb9797b000 	C:\WINDOWS\System32\bcryptPrimitives.dll
0x00007ffb7dc40000 - 0x00007ffb7dc65000 	C:\Users\MasterPC\.jdks\corretto-17.0.12-1\bin\java.dll
0x00007ffb353a0000 - 0x00007ffb35477000 	C:\Users\MasterPC\.jdks\corretto-17.0.12-1\bin\jsvml.dll
0x00007ffb952a0000 - 0x00007ffb95b9f000 	C:\WINDOWS\SYSTEM32\windows.storage.dll
0x00007ffb95160000 - 0x00007ffb9529f000 	C:\WINDOWS\SYSTEM32\wintypes.dll
0x00007ffb994f0000 - 0x00007ffb995e9000 	C:\WINDOWS\System32\SHCORE.dll
0x00007ffb972c0000 - 0x00007ffb972e7000 	C:\WINDOWS\SYSTEM32\profapi.dll
0x00007ffb6fce0000 - 0x00007ffb6fcf9000 	C:\Users\MasterPC\.jdks\corretto-17.0.12-1\bin\net.dll
0x00007ffb8dc90000 - 0x00007ffb8ddc6000 	C:\WINDOWS\SYSTEM32\WINHTTP.dll
0x00007ffb967e0000 - 0x00007ffb96849000 	C:\WINDOWS\system32\mswsock.dll
0x00007ffb649f0000 - 0x00007ffb64a06000 	C:\Users\MasterPC\.jdks\corretto-17.0.12-1\bin\nio.dll
0x00007ffb72710000 - 0x00007ffb72728000 	C:\Users\MasterPC\.jdks\corretto-17.0.12-1\bin\zip.dll
0x00007ffb78bb0000 - 0x00007ffb78bbe000 	C:\Users\MasterPC\.jdks\corretto-17.0.12-1\bin\sunmscapi.dll
0x00007ffb97c30000 - 0x00007ffb97d96000 	C:\WINDOWS\System32\CRYPT32.dll
0x00007ffb96bf0000 - 0x00007ffb96c1e000 	C:\WINDOWS\SYSTEM32\ncrypt.dll
0x00007ffb96bb0000 - 0x00007ffb96be7000 	C:\WINDOWS\SYSTEM32\NTASN1.dll
0x00007ffb96a30000 - 0x00007ffb96a4b000 	C:\WINDOWS\SYSTEM32\CRYPTSP.dll
0x00007ffb962d0000 - 0x00007ffb96305000 	C:\WINDOWS\system32\rsaenh.dll
0x00007ffb968d0000 - 0x00007ffb968f8000 	C:\WINDOWS\SYSTEM32\USERENV.dll
0x00007ffb96a50000 - 0x00007ffb96a5c000 	C:\WINDOWS\SYSTEM32\CRYPTBASE.dll
0x00007ffb95e40000 - 0x00007ffb95e6d000 	C:\WINDOWS\SYSTEM32\IPHLPAPI.DLL
0x00007ffb981e0000 - 0x00007ffb981e9000 	C:\WINDOWS\System32\NSI.dll
0x00007ffb8dbd0000 - 0x00007ffb8dbe9000 	C:\WINDOWS\SYSTEM32\dhcpcsvc6.DLL
0x00007ffb8db90000 - 0x00007ffb8dbaf000 	C:\WINDOWS\SYSTEM32\dhcpcsvc.DLL
0x00007ffb95ec0000 - 0x00007ffb95fb8000 	C:\WINDOWS\SYSTEM32\DNSAPI.dll
0x00007ffb82800000 - 0x00007ffb82809000 	C:\Users\MasterPC\.jdks\corretto-17.0.12-1\bin\management.dll
0x00007ffb7dc00000 - 0x00007ffb7dc0b000 	C:\Users\MasterPC\.jdks\corretto-17.0.12-1\bin\management_ext.dll
0x00007ffb99710000 - 0x00007ffb99718000 	C:\WINDOWS\System32\PSAPI.DLL
0x00007ffb85190000 - 0x00007ffb851a0000 	C:\Users\MasterPC\.jdks\corretto-17.0.12-1\bin\verify.dll
0x00007ffb81c60000 - 0x00007ffb81c6a000 	C:\Windows\System32\rasadhlp.dll
0x00007ffb87080000 - 0x00007ffb87103000 	C:\WINDOWS\System32\fwpuclnt.dll
0x00007ffb7db90000 - 0x00007ffb7db99000 	C:\Users\MasterPC\.jdks\corretto-17.0.12-1\bin\extnet.dll
0x00007ffb85d00000 - 0x00007ffb85d08000 	C:\WINDOWS\system32\wshunix.dll

dbghelp: loaded successfully - version: 4.0.5 - missing functions: none
symbol engine: initialized successfully - sym options: 0x614 - pdb path: .;C:\Users\MasterPC\.jdks\corretto-17.0.12-1\bin;C:\WINDOWS\SYSTEM32;C:\WINDOWS\WinSxS\amd64_microsoft.windows.common-controls_6595b64144ccf1df_6.0.22621.3672_none_2713b9d173822955;C:\Program Files (x86)\360\Total Security\safemon;C:\Users\MasterPC\.jdks\corretto-17.0.12-1\bin\server

VM Arguments:
jvm_args: -Dfile.encoding=windows-1252 -Duser.country=AR -Duser.language=es -Duser.variant 
java_command: com.MindHub.Homebanking.HomebankingApplication
java_class_path (initial): C:\Users\MasterPC\Homebanking\Homebanking\build\classes\java\main;C:\Users\MasterPC\Homebanking\Homebanking\build\resources\main;C:\Users\MasterPC\.gradle\caches\modules-2\files-2.1\org.springframework.boot\spring-boot-starter-data-jpa\3.3.2\2731d74dfc18fb905c29930cf55493980c2cee5a\spring-boot-starter-data-jpa-3.3.2.jar;C:\Users\MasterPC\.gradle\caches\modules-2\files-2.1\org.springframework.boot\spring-boot-starter-web\3.3.2\720418538668a8742d0ae24097811d5250cf5c32\spring-boot-starter-web-3.3.2.jar;C:\Users\MasterPC\.gradle\caches\modules-2\files-2.1\org.springframework.boot\spring-boot-starter-security\3.3.2\13a1d62a33323306fcd4c4cbb6a98322ce633ac0\spring-boot-starter-security-3.3.2.jar;C:\Users\MasterPC\.gradle\caches\modules-2\files-2.1\io.jsonwebtoken\jjwt-impl\0.12.5\b4ceb5407a360e0eb7ba6fa6c6452abadf6c120a\jjwt-impl-0.12.5.jar;C:\Users\MasterPC\.gradle\caches\modules-2\files-2.1\io.jsonwebtoken\jjwt-jackson\0.12.5\1b3e39349c8508272760a7b4cdf6053083ed3f6\jjwt-jackson-0.12.5.jar;C:\Users\MasterPC\.gradle\caches\modules-2\files-2.1\io.jsonwebtoken\jjwt-api\0.12.5\ea8243e36f16c2834ad69a048ed8a24aa9dd3e79\jjwt-api-0.12.5.jar;C:\Users\MasterPC\.gradle\caches\modules-2\files-2.1\org.postgresql\postgresql\42.7.3\24f3e9f7231428cd20eb4dde00dd3fce44e05464\postgresql-42.7.3.jar;C:\Users\MasterPC\.gradle\caches\modules-2\files-2.1\org.springframework.boot\spring-boot-starter-aop\3.3.2\26d996e253768d3121bb3ffbef28cefc07fdbddb\spring-boot-starter-aop-3.3.2.jar;C:\Users\MasterPC\.gradle\caches\modules-2\files-2.1\org.springframework.boot\spring-boot-starter-jdbc\3.3.2\544775d745288972598ab2e872e5a4816b6d9b39\spring-boot-starter-jdbc-3.3.2.jar;C:\Users\MasterPC\.gradle\caches\modules-2\files-2.1\org.hibernate.orm\hibernate-core\6.5.2.Final\e9e0cc47f6cd2b2553968aee66bd9e55e7485221\hibernate-core-6.5.2.Final.jar;C:\Users\MasterPC\.gradle\caches\modules-2\files-2.1\org.springframework.data\spring-data-jpa\3.3.2\cfa9cd077f3f15d0657bbb6d7c8e1c7c7da7e6e
Launcher Type: SUN_STANDARD

[Global flags]
     intx CICompilerCount                          = 2                                         {product} {ergonomic}
     uint ConcGCThreads                            = 1                                         {product} {ergonomic}
     uint G1ConcRefinementThreads                  = 2                                         {product} {ergonomic}
   size_t G1HeapRegionSize                         = 1048576                                   {product} {ergonomic}
    uintx GCDrainStackTargetSize                   = 64                                        {product} {ergonomic}
   size_t InitialHeapSize                          = 65011712                                  {product} {ergonomic}
   size_t MarkStackSize                            = 4194304                                   {product} {ergonomic}
   size_t MaxHeapSize                              = 1027604480                                {product} {ergonomic}
   size_t MaxNewSize                               = 616562688                                 {product} {ergonomic}
   size_t MinHeapDeltaBytes                        = 1048576                                   {product} {ergonomic}
   size_t MinHeapSize                              = 8388608                                   {product} {ergonomic}
    uintx NonNMethodCodeHeapSize                   = 5826188                                {pd product} {ergonomic}
    uintx NonProfiledCodeHeapSize                  = 122916026                              {pd product} {ergonomic}
    uintx ProfiledCodeHeapSize                     = 122916026                              {pd product} {ergonomic}
    uintx ReservedCodeCacheSize                    = 251658240                              {pd product} {ergonomic}
     bool SegmentedCodeCache                       = true                                      {product} {ergonomic}
   size_t SoftMaxHeapSize                          = 1027604480                             {manageable} {ergonomic}
     bool UseCompressedClassPointers               = true                           {product lp64_product} {ergonomic}
     bool UseCompressedOops                        = true                           {product lp64_product} {ergonomic}
     bool UseG1GC                                  = true                                      {product} {ergonomic}
     bool UseLargePagesIndividualAllocation        = false                                  {pd product} {ergonomic}

Logging:
Log output configuration:
 #0: stdout all=warning uptime,level,tags
 #1: stderr all=off uptime,level,tags

Environment Variables:
PATH=C:\WINDOWS\system32;C:\WINDOWS;C:\WINDOWS\System32\Wbem;C:\WINDOWS\System32\WindowsPowerShell\v1.0\;C:\WINDOWS\System32\OpenSSH\;C:\Program Files\Git\cmd;C:\program files (x86)\skype\Phone\;C:\Program Files\nodejs\;C:\Users\MasterPC\AppData\Local\Microsoft\WindowsApps;C:\Users\MasterPC\AppData\Local\Programs\Microsoft VS Code\bin;C:\Program Files\JetBrains\IntelliJ IDEA Community Edition 2024.1.4\bin;;C:\Users\MasterPC\AppData\Roaming\npm;
USERNAME=MasterPC
OS=Windows_NT
PROCESSOR_IDENTIFIER=Intel64 Family 6 Model 122 Stepping 8, GenuineIntel
TMP=C:\Users\MasterPC\AppData\Local\Temp
TEMP=C:\Users\MasterPC\AppData\Local\Temp



Periodic native trim disabled


---------------  S Y S T E M  ---------------

OS:
 Windows 11 , 64 bit Build 22621 (10.0.22621.3958)
OS uptime: 0 days 9:57 hours

CPU: total 2 (initial active 2) (2 cores per cpu, 1 threads per core) family 6 model 122 stepping 8 microcode 0x18, cx8, cmov, fxsr, mmx, 3dnowpref, sse, sse2, sse3, ssse3, sse4.1, sse4.2, popcnt, tsc, tscinvbit, aes, erms, clmul, sha, clflush, clflushopt
Processor Information for all 2 processors :
  Max Mhz: 1101, Current Mhz: 1101, Mhz Limit: 1101

Memory: 4k page, system-wide physical 3919M (83M free)
TotalPageFile size 15695M (AvailPageFile size 5M)
current process WorkingSet (physical memory assigned to process): 210M, peak: 237M
current process commit charge ("private bytes"): 272M, peak: 286M

vm_info: OpenJDK 64-Bit Server VM (17.0.12+7-LTS) for windows-amd64 JRE (17.0.12+7-LTS), built on Jul 10 2024 20:46:33 by "Administrator" with MS VC++ 16.10 / 16.11 (VS2019)

END.
